<?xml version="1.0" encoding="UTF-8" ?>
<testsuite tests="8" failures="0" name="Filine_Test" time="1.203" errors="0" skipped="0">
  <properties>
[...]
</properties>
  <testcase classname="Filine_Test" name="GetKittens" time="1.152"/>
  <testcase classname="Filine_Test" name="eatMeat" time="0.044"/>
  <testcase classname="Filine_Test" name="GetFamily" time="0"/>
  <testcase classname="Filine_Test" name="GetKittens1" time="0"/>
  <testcase classname="Filine_Test" name="EatMeat" time="0"/>
  <testcase classname="Filine_Test" name="getKittens" time="0.002"/>
  <testcase classname="Filine_Test" name="getFamily" time="0.001"/>
  <testcase classname="Filine_Test" name="getKittens1" time="0.004"/>
</testsuite>